[+] Containers:
 |- [+] Container: /Game/TopDown/Maps/TopDownMap
 |   |- [+] ActorDescs:
 |   |   |- Guid:147C8D134B12D635012D5F8C57D2C96F BaseClass: NativeClass:/Script/Engine.PostProcessVolume Name:PostProcessVolume_1 Label:PostProcessVolume SpatiallyLoaded:0 Bounds:IsValid=true, Min=(X=0.000 Y=0.000 Z=400.000), Max=(X=200.000 Y=200.000 Z=600.000) RuntimeGrid:None EditorOnly:0 RuntimeOnly:0 HLODRelevant:0 ListedInSceneOutliner:1 IsMainWorldOnly:0 FolderPath:Lighting FolderGuid:4C9334684BA61B42C769F799D2576455
 |   |   |- Guid:1742DF43475F097453197AA79C7473D9 BaseClass: NativeClass:/Script/Engine.SkyLight Name:SkyLight_1 Label:SkyLight SpatiallyLoaded:0 Bounds:IsValid=true, Min=(X=0.000 Y=0.000 Z=690.000), Max=(X=0.000 Y=0.000 Z=690.000) RuntimeGrid:None EditorOnly:0 RuntimeOnly:0 HLODRelevant:0 ListedInSceneOutliner:1 IsMainWorldOnly:0 FolderPath:Lighting FolderGuid:4C9334684BA61B42C769F799D2576455
 |   |   |- Guid:1A4276DE4C90A0D351D1F8BBE04FAD43 BaseClass:/Game/Map_Grid/BP_HexGrid.BP_HexGrid_C NativeClass:/Script/Engine.Actor Name:BP_HexGrid_C_UAID_00155D016A00CD1C02_1499329852 Label:BP_HexGrid SpatiallyLoaded:1 Bounds:IsValid=true, Min=(X=-155.015 Y=-2089.498 Z=-519.874), Max=(X=3797.864 Y=1311.421 Z=-475.126) RuntimeGrid:None EditorOnly:0 RuntimeOnly:0 HLODRelevant:0 ListedInSceneOutliner:1 IsMainWorldOnly:0
 |   |   |- Guid:1FEC8FAC495CEF0CE32492ADCBB96BAE BaseClass: NativeClass:/Script/AIModule.NavLinkProxy Name:NavLinkProxy_3 Label:NavLinkProxy3 SpatiallyLoaded:1 Bounds:IsValid=true, Min=(X=2240.000 Y=1030.000 Z=90.000), Max=(X=2240.000 Y=1030.000 Z=90.000) RuntimeGrid:None EditorOnly:0 RuntimeOnly:0 HLODRelevant:0 ListedInSceneOutliner:1 IsMainWorldOnly:0 FolderPath:Navigation FolderGuid:AE45D61F453CC144CF8289862C276E89
 |   |   |- Guid:2DF0D95440BE0EDA81652F860DC7268E BaseClass: NativeClass:/Script/Engine.WorldDataLayers Name:WorldDataLayers Label:WorldDataLayers SpatiallyLoaded:0 Bounds:IsValid=true, Min=(X=0.000 Y=0.000 Z=0.000), Max=(X=0.000 Y=0.000 Z=0.000) RuntimeGrid:None EditorOnly:0 RuntimeOnly:0 HLODRelevant:0 ListedInSceneOutliner:1 IsMainWorldOnly:1
 |   |   |- Guid:4512D03B44B4ACDD6BA58C9AC3BFE958 BaseClass: NativeClass:/Script/Engine.StaticMeshActor Name:StaticMeshActor_UAID_00155D8B73D8CF1B02_1235247443 Label:Hexgridactor2 SpatiallyLoaded:1 Bounds:IsValid=true, Min=(X=950.000 Y=1850.000 Z=0.000), Max=(X=950.000 Y=1850.000 Z=0.000) RuntimeGrid:None EditorOnly:0 RuntimeOnly:0 HLODRelevant:0 ListedInSceneOutliner:1 IsMainWorldOnly:0
 |   |   |- Guid:6252C7D64ACF162A73EE65B11FE214D1 BaseClass: NativeClass:/Script/Engine.SkyAtmosphere Name:SkyAtmosphere_1 Label:SkyAtmosphere SpatiallyLoaded:0 Bounds:IsValid=true, Min=(X=0.000 Y=0.000 Z=1020.000), Max=(X=0.000 Y=0.000 Z=1020.000) RuntimeGrid:None EditorOnly:0 RuntimeOnly:0 HLODRelevant:0 ListedInSceneOutliner:1 IsMainWorldOnly:0 FolderPath:Lighting FolderGuid:4C9334684BA61B42C769F799D2576455
 |   |   |- Guid:66BCBF874D2A22ADC6523B95EE812CA3 BaseClass: NativeClass:/Script/Engine.StaticMeshActor Name:StaticMeshActor_UAID_A4AE111137DC5CFB00_1660657071 Label:SM_SkySphere SpatiallyLoaded:0 Bounds:IsValid=true, Min=(X=-1638400.000 Y=-1638400.000 Z=-1638400.000), Max=(X=1638400.000 Y=1638400.000 Z=1638400.000) RuntimeGrid:None EditorOnly:0 RuntimeOnly:0 HLODRelevant:1 ListedInSceneOutliner:1 IsMainWorldOnly:0 FolderPath:Lighting FolderGuid:4C9334684BA61B42C769F799D2576455
 |   |   |- Guid:77F893B3468595EE782136AD620D7EF4 BaseClass: NativeClass:/Script/Engine.VolumetricCloud Name:VolumetricCloud_0 Label:VolumetricCloud SpatiallyLoaded:0 Bounds:IsValid=true, Min=(X=0.000 Y=0.000 Z=820.000), Max=(X=0.000 Y=0.000 Z=820.000) RuntimeGrid:None EditorOnly:0 RuntimeOnly:0 HLODRelevant:0 ListedInSceneOutliner:1 IsMainWorldOnly:0 FolderPath:Lighting FolderGuid:4C9334684BA61B42C769F799D2576455
 |   |   |- Guid:831469FE4AEE2C86A8810DA94F4C3697 BaseClass:/Game/Interface/Troop1.Troop1_C NativeClass:/Script/Engine.Actor Name:Troop1_C_UAID_50C2E8DFA330432602_2132238415 Label:Troop2 SpatiallyLoaded:1 Bounds:IsValid=true, Min=(X=430.000 Y=-90.000 Z=-480.000), Max=(X=530.000 Y=10.000 Z=-380.000) RuntimeGrid:None EditorOnly:0 RuntimeOnly:0 HLODRelevant:0 ListedInSceneOutliner:1 IsMainWorldOnly:0
 |   |   |- Guid:9769176044ABB06E89104FB675398EFC BaseClass:/Game/Interface/Troop1.Troop1_C NativeClass:/Script/Engine.Actor Name:Troop1_C_UAID_00155D016A00802202_1869426927 Label:Troop1 SpatiallyLoaded:1 Bounds:IsValid=true, Min=(X=180.000 Y=-100.000 Z=-480.000), Max=(X=280.000 Y=0.000 Z=-380.000) RuntimeGrid:None EditorOnly:0 RuntimeOnly:0 HLODRelevant:0 ListedInSceneOutliner:1 IsMainWorldOnly:0
 |   |   |- Guid:AECEEEE741E6DE68F6843FA49564A956 BaseClass: NativeClass:/Script/Engine.DirectionalLight Name:DirectionalLight_1 Label:DirectionalLight SpatiallyLoaded:0 Bounds:IsValid=true, Min=(X=-1048576.000 Y=-1048576.000 Z=-1048576.000), Max=(X=1048576.000 Y=1048576.000 Z=1048576.000) RuntimeGrid:None EditorOnly:0 RuntimeOnly:0 HLODRelevant:0 ListedInSceneOutliner:1 IsMainWorldOnly:0 FolderPath:Lighting FolderGuid:4C9334684BA61B42C769F799D2576455
 |   |   |- Guid:B09C3A004D32B6FF970B3E9294DA3C81 BaseClass: NativeClass:/Script/Engine.StaticMeshActor Name:StaticMeshActor_UAID_00155D8B73D8CF1B02_1199787442 Label:Hexgridactor SpatiallyLoaded:1 Bounds:IsValid=true, Min=(X=920.000 Y=1810.000 Z=0.000), Max=(X=920.000 Y=1810.000 Z=0.000) RuntimeGrid:None EditorOnly:0 RuntimeOnly:0 HLODRelevant:0 ListedInSceneOutliner:1 IsMainWorldOnly:0
 |   |   |- Guid:B638F0CA47CE45A13171429FCE03FC6E BaseClass: NativeClass:/Script/Engine.PlayerStart Name:PlayerStart_UAID_50C2E8DFA330541F02_1506775015 Label:PlayerStart SpatiallyLoaded:0 Bounds:IsValid=true, Min=(X=890.000 Y=370.000 Z=388.000), Max=(X=970.000 Y=450.000 Z=572.000) RuntimeGrid:None EditorOnly:0 RuntimeOnly:0 HLODRelevant:0 ListedInSceneOutliner:1 IsMainWorldOnly:0
 |   |   |- Guid:CCDD89584E0A9025F52AEDA51D60CA54 BaseClass: NativeClass:/Script/NavigationSystem.NavMeshBoundsVolume Name:NavMeshBoundsVolume_1 Label:NavMeshBoundsVolume SpatiallyLoaded:0 Bounds:IsValid=true, Min=(X=-100.000 Y=-100.000 Z=-110.000), Max=(X=3100.000 Y=3600.000 Z=390.000) RuntimeGrid:None EditorOnly:0 RuntimeOnly:0 HLODRelevant:0 ListedInSceneOutliner:1 IsMainWorldOnly:0 FolderPath:Navigation FolderGuid:AE45D61F453CC144CF8289862C276E89
 |   |   |- Guid:D24D61B944EF71BE7BC469B7EB239299 BaseClass: NativeClass:/Script/Engine.ExponentialHeightFog Name:ExponentialHeightFog_1 Label:ExponentialHeightFog SpatiallyLoaded:0 Bounds:IsValid=true, Min=(X=-5600.000 Y=-50.000 Z=-6850.000), Max=(X=-5600.000 Y=-50.000 Z=-6850.000) RuntimeGrid:None EditorOnly:0 RuntimeOnly:0 HLODRelevant:0 ListedInSceneOutliner:1 IsMainWorldOnly:0 FolderPath:Lighting FolderGuid:4C9334684BA61B42C769F799D2576455
 |   |   |- Guid:ED702DEB4F4A6D94A5DB4F9C337C2079 BaseClass: NativeClass:/Script/Engine.TextRenderActor Name:TextRenderActor_0 Label:TextRenderActor SpatiallyLoaded:1 Bounds:IsValid=true, Min=(X=-0.100 Y=1100.000 Z=65.013), Max=(X=-0.100 Y=2225.000 Z=215.013) RuntimeGrid:None EditorOnly:0 RuntimeOnly:0 HLODRelevant:0 ListedInSceneOutliner:1 IsMainWorldOnly:0
 |   |- [+] Clusters:
 |   |   |- [+] [  0]
 |   |   |   |- Guid:147C8D134B12D635012D5F8C57D2C96F BaseClass: NativeClass:/Script/Engine.PostProcessVolume Name:PostProcessVolume_1 Label:PostProcessVolume SpatiallyLoaded:0 Bounds:IsValid=true, Min=(X=0.000 Y=0.000 Z=400.000), Max=(X=200.000 Y=200.000 Z=600.000) RuntimeGrid:None EditorOnly:0 RuntimeOnly:0 HLODRelevant:0 ListedInSceneOutliner:1 IsMainWorldOnly:0 FolderPath:Lighting FolderGuid:4C9334684BA61B42C769F799D2576455
 |   |   |- [+] [  1]
 |   |   |   |- Guid:1742DF43475F097453197AA79C7473D9 BaseClass: NativeClass:/Script/Engine.SkyLight Name:SkyLight_1 Label:SkyLight SpatiallyLoaded:0 Bounds:IsValid=true, Min=(X=0.000 Y=0.000 Z=690.000), Max=(X=0.000 Y=0.000 Z=690.000) RuntimeGrid:None EditorOnly:0 RuntimeOnly:0 HLODRelevant:0 ListedInSceneOutliner:1 IsMainWorldOnly:0 FolderPath:Lighting FolderGuid:4C9334684BA61B42C769F799D2576455
 |   |   |- [+] [  2]
 |   |   |   |- Guid:1A4276DE4C90A0D351D1F8BBE04FAD43 BaseClass:/Game/Map_Grid/BP_HexGrid.BP_HexGrid_C NativeClass:/Script/Engine.Actor Name:BP_HexGrid_C_UAID_00155D016A00CD1C02_1499329852 Label:BP_HexGrid SpatiallyLoaded:1 Bounds:IsValid=true, Min=(X=-155.015 Y=-2089.498 Z=-519.874), Max=(X=3797.864 Y=1311.421 Z=-475.126) RuntimeGrid:None EditorOnly:0 RuntimeOnly:0 HLODRelevant:0 ListedInSceneOutliner:1 IsMainWorldOnly:0
 |   |   |- [+] [  3]
 |   |   |   |- Guid:1FEC8FAC495CEF0CE32492ADCBB96BAE BaseClass: NativeClass:/Script/AIModule.NavLinkProxy Name:NavLinkProxy_3 Label:NavLinkProxy3 SpatiallyLoaded:1 Bounds:IsValid=true, Min=(X=2240.000 Y=1030.000 Z=90.000), Max=(X=2240.000 Y=1030.000 Z=90.000) RuntimeGrid:None EditorOnly:0 RuntimeOnly:0 HLODRelevant:0 ListedInSceneOutliner:1 IsMainWorldOnly:0 FolderPath:Navigation FolderGuid:AE45D61F453CC144CF8289862C276E89
 |   |   |- [+] [  4]
 |   |   |   |- Guid:2DF0D95440BE0EDA81652F860DC7268E BaseClass: NativeClass:/Script/Engine.WorldDataLayers Name:WorldDataLayers Label:WorldDataLayers SpatiallyLoaded:0 Bounds:IsValid=true, Min=(X=0.000 Y=0.000 Z=0.000), Max=(X=0.000 Y=0.000 Z=0.000) RuntimeGrid:None EditorOnly:0 RuntimeOnly:0 HLODRelevant:0 ListedInSceneOutliner:1 IsMainWorldOnly:1
 |   |   |- [+] [  5]
 |   |   |   |- Guid:4512D03B44B4ACDD6BA58C9AC3BFE958 BaseClass: NativeClass:/Script/Engine.StaticMeshActor Name:StaticMeshActor_UAID_00155D8B73D8CF1B02_1235247443 Label:Hexgridactor2 SpatiallyLoaded:1 Bounds:IsValid=true, Min=(X=950.000 Y=1850.000 Z=0.000), Max=(X=950.000 Y=1850.000 Z=0.000) RuntimeGrid:None EditorOnly:0 RuntimeOnly:0 HLODRelevant:0 ListedInSceneOutliner:1 IsMainWorldOnly:0
 |   |   |- [+] [  6]
 |   |   |   |- Guid:6252C7D64ACF162A73EE65B11FE214D1 BaseClass: NativeClass:/Script/Engine.SkyAtmosphere Name:SkyAtmosphere_1 Label:SkyAtmosphere SpatiallyLoaded:0 Bounds:IsValid=true, Min=(X=0.000 Y=0.000 Z=1020.000), Max=(X=0.000 Y=0.000 Z=1020.000) RuntimeGrid:None EditorOnly:0 RuntimeOnly:0 HLODRelevant:0 ListedInSceneOutliner:1 IsMainWorldOnly:0 FolderPath:Lighting FolderGuid:4C9334684BA61B42C769F799D2576455
 |   |   |- [+] [  7]
 |   |   |   |- Guid:66BCBF874D2A22ADC6523B95EE812CA3 BaseClass: NativeClass:/Script/Engine.StaticMeshActor Name:StaticMeshActor_UAID_A4AE111137DC5CFB00_1660657071 Label:SM_SkySphere SpatiallyLoaded:0 Bounds:IsValid=true, Min=(X=-1638400.000 Y=-1638400.000 Z=-1638400.000), Max=(X=1638400.000 Y=1638400.000 Z=1638400.000) RuntimeGrid:None EditorOnly:0 RuntimeOnly:0 HLODRelevant:1 ListedInSceneOutliner:1 IsMainWorldOnly:0 FolderPath:Lighting FolderGuid:4C9334684BA61B42C769F799D2576455
 |   |   |- [+] [  8]
 |   |   |   |- Guid:77F893B3468595EE782136AD620D7EF4 BaseClass: NativeClass:/Script/Engine.VolumetricCloud Name:VolumetricCloud_0 Label:VolumetricCloud SpatiallyLoaded:0 Bounds:IsValid=true, Min=(X=0.000 Y=0.000 Z=820.000), Max=(X=0.000 Y=0.000 Z=820.000) RuntimeGrid:None EditorOnly:0 RuntimeOnly:0 HLODRelevant:0 ListedInSceneOutliner:1 IsMainWorldOnly:0 FolderPath:Lighting FolderGuid:4C9334684BA61B42C769F799D2576455
 |   |   |- [+] [  9]
 |   |   |   |- Guid:831469FE4AEE2C86A8810DA94F4C3697 BaseClass:/Game/Interface/Troop1.Troop1_C NativeClass:/Script/Engine.Actor Name:Troop1_C_UAID_50C2E8DFA330432602_2132238415 Label:Troop2 SpatiallyLoaded:1 Bounds:IsValid=true, Min=(X=430.000 Y=-90.000 Z=-480.000), Max=(X=530.000 Y=10.000 Z=-380.000) RuntimeGrid:None EditorOnly:0 RuntimeOnly:0 HLODRelevant:0 ListedInSceneOutliner:1 IsMainWorldOnly:0
 |   |   |- [+] [ 10]
 |   |   |   |- Guid:9769176044ABB06E89104FB675398EFC BaseClass:/Game/Interface/Troop1.Troop1_C NativeClass:/Script/Engine.Actor Name:Troop1_C_UAID_00155D016A00802202_1869426927 Label:Troop1 SpatiallyLoaded:1 Bounds:IsValid=true, Min=(X=180.000 Y=-100.000 Z=-480.000), Max=(X=280.000 Y=0.000 Z=-380.000) RuntimeGrid:None EditorOnly:0 RuntimeOnly:0 HLODRelevant:0 ListedInSceneOutliner:1 IsMainWorldOnly:0
 |   |   |- [+] [ 11]
 |   |   |   |- Guid:AECEEEE741E6DE68F6843FA49564A956 BaseClass: NativeClass:/Script/Engine.DirectionalLight Name:DirectionalLight_1 Label:DirectionalLight SpatiallyLoaded:0 Bounds:IsValid=true, Min=(X=-1048576.000 Y=-1048576.000 Z=-1048576.000), Max=(X=1048576.000 Y=1048576.000 Z=1048576.000) RuntimeGrid:None EditorOnly:0 RuntimeOnly:0 HLODRelevant:0 ListedInSceneOutliner:1 IsMainWorldOnly:0 FolderPath:Lighting FolderGuid:4C9334684BA61B42C769F799D2576455
 |   |   |- [+] [ 12]
 |   |   |   |- Guid:B09C3A004D32B6FF970B3E9294DA3C81 BaseClass: NativeClass:/Script/Engine.StaticMeshActor Name:StaticMeshActor_UAID_00155D8B73D8CF1B02_1199787442 Label:Hexgridactor SpatiallyLoaded:1 Bounds:IsValid=true, Min=(X=920.000 Y=1810.000 Z=0.000), Max=(X=920.000 Y=1810.000 Z=0.000) RuntimeGrid:None EditorOnly:0 RuntimeOnly:0 HLODRelevant:0 ListedInSceneOutliner:1 IsMainWorldOnly:0
 |   |   |- [+] [ 13]
 |   |   |   |- Guid:B638F0CA47CE45A13171429FCE03FC6E BaseClass: NativeClass:/Script/Engine.PlayerStart Name:PlayerStart_UAID_50C2E8DFA330541F02_1506775015 Label:PlayerStart SpatiallyLoaded:0 Bounds:IsValid=true, Min=(X=890.000 Y=370.000 Z=388.000), Max=(X=970.000 Y=450.000 Z=572.000) RuntimeGrid:None EditorOnly:0 RuntimeOnly:0 HLODRelevant:0 ListedInSceneOutliner:1 IsMainWorldOnly:0
 |   |   |- [+] [ 14]
 |   |   |   |- Guid:CCDD89584E0A9025F52AEDA51D60CA54 BaseClass: NativeClass:/Script/NavigationSystem.NavMeshBoundsVolume Name:NavMeshBoundsVolume_1 Label:NavMeshBoundsVolume SpatiallyLoaded:0 Bounds:IsValid=true, Min=(X=-100.000 Y=-100.000 Z=-110.000), Max=(X=3100.000 Y=3600.000 Z=390.000) RuntimeGrid:None EditorOnly:0 RuntimeOnly:0 HLODRelevant:0 ListedInSceneOutliner:1 IsMainWorldOnly:0 FolderPath:Navigation FolderGuid:AE45D61F453CC144CF8289862C276E89
 |   |   |- [+] [ 15]
 |   |   |   |- Guid:D24D61B944EF71BE7BC469B7EB239299 BaseClass: NativeClass:/Script/Engine.ExponentialHeightFog Name:ExponentialHeightFog_1 Label:ExponentialHeightFog SpatiallyLoaded:0 Bounds:IsValid=true, Min=(X=-5600.000 Y=-50.000 Z=-6850.000), Max=(X=-5600.000 Y=-50.000 Z=-6850.000) RuntimeGrid:None EditorOnly:0 RuntimeOnly:0 HLODRelevant:0 ListedInSceneOutliner:1 IsMainWorldOnly:0 FolderPath:Lighting FolderGuid:4C9334684BA61B42C769F799D2576455
 |   |   |- [+] [ 16]
 |   |   |   |- Guid:ED702DEB4F4A6D94A5DB4F9C337C2079 BaseClass: NativeClass:/Script/Engine.TextRenderActor Name:TextRenderActor_0 Label:TextRenderActor SpatiallyLoaded:1 Bounds:IsValid=true, Min=(X=-0.100 Y=1100.000 Z=65.013), Max=(X=-0.100 Y=2225.000 Z=215.013) RuntimeGrid:None EditorOnly:0 RuntimeOnly:0 HLODRelevant:0 ListedInSceneOutliner:1 IsMainWorldOnly:0
 |- ContainerInstances:
 |- [+] MainContainer:
 |   |-        ID: 00000000000000000000000000000000
 |   |-  ParentID: 00000000000000000000000000000000
 |   |-    Bounds: IsValid=false, Min=(X=0.000 Y=0.000 Z=0.000), Max=(X=0.000 Y=0.000 Z=0.000)
 |   |- Transform: 0.000000,0.000000,0.000000|0.000000,0.000000,-0.000000|1.000000,1.000000,1.000000
 |   |- Container: /Game/TopDown/Maps/TopDownMap
----------------------------------------------------------------------------------------------------------------
TopDownMap - Persistent Level
----------------------------------------------------------------------------------------------------------------
[+] Content of TopDownMap Persistent Level
 |- Always loaded Actor Count: 25 
 |- Actor Path: /Game/TopDown/Maps/TopDownMap.TopDownMap:PersistentLevel.AbstractNavData-Default
 |- Actor Package: /Game/TopDown/Maps/TopDownMap
 |- Actor Path: /Game/TopDown/Maps/TopDownMap.TopDownMap:PersistentLevel.BP_HexGrid_C_UAID_00155D016A00CD1C02_1499329852
 |- Actor Package: /Game/__ExternalActors__/TopDown/Maps/TopDownMap/6/ND/ZT505HN0IDOXV9T3APNXRH
 |- Actor Path: /Game/TopDown/Maps/TopDownMap.TopDownMap:PersistentLevel.Brush_0
 |- Actor Package: /Game/TopDown/Maps/TopDownMap
 |- Actor Path: /Game/TopDown/Maps/TopDownMap.TopDownMap:PersistentLevel.DefaultPhysicsVolume_0
 |- Actor Package: /Game/TopDown/Maps/TopDownMap
 |- Actor Path: /Game/TopDown/Maps/TopDownMap.TopDownMap:PersistentLevel.DirectionalLight_1
 |- Actor Package: /Game/__ExternalActors__/TopDown/Maps/TopDownMap/A/LM/VRK8UAZR3J2TAKS74SHCUD
 |- Actor Path: /Game/TopDown/Maps/TopDownMap.TopDownMap:PersistentLevel.ExponentialHeightFog_1
 |- Actor Package: /Game/__ExternalActors__/TopDown/Maps/TopDownMap/6/BO/BYV4KSLUROOOL33DU1XUWQ
 |- Actor Path: /Game/TopDown/Maps/TopDownMap.TopDownMap:PersistentLevel.GameplayDebuggerPlayerManager_0
 |- Actor Package: /Game/TopDown/Maps/TopDownMap
 |- Actor Path: /Game/TopDown/Maps/TopDownMap.TopDownMap:PersistentLevel.NavLinkProxy_3
 |- Actor Package: /Game/__ExternalActors__/TopDown/Maps/TopDownMap/5/UT/JRUWL9PVCAH3XSUMXP4CC1
 |- Actor Path: /Game/TopDown/Maps/TopDownMap.TopDownMap:PersistentLevel.NavMeshBoundsVolume_1
 |- Actor Package: /Game/__ExternalActors__/TopDown/Maps/TopDownMap/0/QS/8AKCSH4RXXQHHQMCR8GO6C
 |- Actor Path: /Game/TopDown/Maps/TopDownMap.TopDownMap:PersistentLevel.PlayerStart_UAID_50C2E8DFA330541F02_1506775015
 |- Actor Package: /Game/__ExternalActors__/TopDown/Maps/TopDownMap/D/XK/9I708VXID73SKM98V5GBQC
 |- Actor Path: /Game/TopDown/Maps/TopDownMap.TopDownMap:PersistentLevel.PostProcessVolume_1
 |- Actor Package: /Game/__ExternalActors__/TopDown/Maps/TopDownMap/6/VI/ESHAVRHFZFA2JDR9ZAQIOE
 |- Actor Path: /Game/TopDown/Maps/TopDownMap.TopDownMap:PersistentLevel.RecastNavMesh-Default
 |- Actor Package: /Game/TopDown/Maps/TopDownMap
 |- Actor Path: /Game/TopDown/Maps/TopDownMap.TopDownMap:PersistentLevel.SkyAtmosphere_1
 |- Actor Package: /Game/__ExternalActors__/TopDown/Maps/TopDownMap/5/YN/TCNGOWDVRBFBJ5YZR7VI7S
 |- Actor Path: /Game/TopDown/Maps/TopDownMap.TopDownMap:PersistentLevel.SkyLight_1
 |- Actor Package: /Game/__ExternalActors__/TopDown/Maps/TopDownMap/E/LR/47NTFRDFK6M7265A1UYTOW
 |- Actor Path: /Game/TopDown/Maps/TopDownMap.TopDownMap:PersistentLevel.StaticMeshActor_UAID_00155D8B73D8CF1B02_1199787442
 |- Actor Package: /Game/__ExternalActors__/TopDown/Maps/TopDownMap/6/VZ/CHXR1P4IRFGUDF4NN1GQBX
 |- Actor Path: /Game/TopDown/Maps/TopDownMap.TopDownMap:PersistentLevel.StaticMeshActor_UAID_00155D8B73D8CF1B02_1235247443
 |- Actor Package: /Game/__ExternalActors__/TopDown/Maps/TopDownMap/8/7X/5DWUEMYQIHPUN4MDS10B31
 |- Actor Path: /Game/TopDown/Maps/TopDownMap.TopDownMap:PersistentLevel.StaticMeshActor_UAID_A4AE111137DC5CFB00_1660657071
 |- Actor Package: /Game/__ExternalActors__/TopDown/Maps/TopDownMap/C/MV/UE2U7GTDT7WM2AVP83861S
 |- Actor Path: /Game/TopDown/Maps/TopDownMap.TopDownMap:PersistentLevel.TextRenderActor_0
 |- Actor Package: /Game/__ExternalActors__/TopDown/Maps/TopDownMap/9/FY/45JOQ38QR4K2P62IGCH99F
 |- Actor Path: /Game/TopDown/Maps/TopDownMap.TopDownMap:PersistentLevel.TopDownExampleMap_C_1
 |- Actor Package: /Game/TopDown/Maps/TopDownMap
 |- Actor Path: /Game/TopDown/Maps/TopDownMap.TopDownMap:PersistentLevel.Troop1_C_UAID_00155D016A00802202_1869426927
 |- Actor Package: /Game/__ExternalActors__/TopDown/Maps/TopDownMap/9/NQ/LOYA8LWE7VYNOBZCS5RHWT
 |- Actor Path: /Game/TopDown/Maps/TopDownMap.TopDownMap:PersistentLevel.Troop1_C_UAID_50C2E8DFA330432602_2132238415
 |- Actor Package: /Game/__ExternalActors__/TopDown/Maps/TopDownMap/4/4B/Z5W80KVKTPEBZOTXMVMT89
 |- Actor Path: /Game/TopDown/Maps/TopDownMap.TopDownMap:PersistentLevel.VolumetricCloud_0
 |- Actor Package: /Game/__ExternalActors__/TopDown/Maps/TopDownMap/6/GY/HOVAYB977GD5L9YGZ5S1T6
 |- Actor Path: /Game/TopDown/Maps/TopDownMap.TopDownMap:PersistentLevel.WorldDataLayers
 |- Actor Package: /Game/__ExternalActors__/TopDown/Maps/TopDownMap/A/RN/FHX05LPSBNMAJG3SW97PS7
 |- Actor Path: /Game/TopDown/Maps/TopDownMap.TopDownMap:PersistentLevel.WorldInfo_0
 |- Actor Package: /Game/TopDown/Maps/TopDownMap
 |- Actor Path: /Game/TopDown/Maps/TopDownMap.TopDownMap:PersistentLevel.WorldPartitionMiniMap_0
 |- Actor Package: /Game/__ExternalActors__/TopDown/Maps/TopDownMap/8/YS/FOXTUL6MPN05XEWRDRZ58J

----------------------------------------------------------------------------------------------------------------
TopDownMap - Runtime Spatial Hash - Streaming Grid - MainGrid
----------------------------------------------------------------------------------------------------------------
            Origin: X=0.000 Y=0.000 Z=0.000
         Cell Size: 12800
      World Bounds: IsValid=false, Min=(X=0.000 Y=0.000 Z=0.000), Max=(X=0.000 Y=0.000 Z=0.000)
     Loading Range: 25600.00
Block Slow Loading: No
 ClientOnlyVisible: No
            Origin: X=0.000 Y=0.000 Z=0.000

[+] Grid Levels: 1
 |- Level  0: Cell Count    0 | Cell Size   12800 | Actor Count    0 (0.0%)

[+] Content of Grid Level 0

